<?xml version="1.0" encoding="UTF-8"?>
<!-- Generated by org.testng.reporters.JUnitReportReporter -->
<testsuite hostname="IBM-PF3183HA" failures="0" tests="1" name="tests.TestLoginWithPageFactory" time="2.398" errors="0" timestamp="2023-06-07T12:08:59 IST" skipped="0">
  <testcase classname="tests.TestLoginWithPageFactory" name="test_HomePage_Appear_Correct" time="2.398"/>
  <system-out/>
</testsuite> <!-- tests.TestLoginWithPageFactory -->
